Using pre-set license
Built from '2020.2/release' branch; Version is '2020.2.0f1 (3721df5a8b28) revision 3613151'; Using compiler version '192528614'; Build Type 'Release'
OS: 'Windows 10  (10.0.0) 64bit' Language: 'en' Physical Memory: 8039 MB
BatchMode: 1, IsHumanControllingUs: 0, StartBugReporterOnCrash: 0, Is64bit: 1, IsPro: 0

 COMMAND LINE ARGUMENTS:
C:\Program Files\Unity\Hub\Editor\2020.2.0f1\Editor\Unity.exe
-adb2
-batchMode
-noUpm
-name
AssetImportWorker0
-projectPath
C:/Users/User/Desktop/Game01
-logFile
Logs/AssetImportWorker0.log
-srvPort
58790
Successfully changed project path to: C:/Users/User/Desktop/Game01
C:/Users/User/Desktop/Game01
Using Asset Import Pipeline V2.
Refreshing native plugins compatible for Editor in 78.38 ms, found 0 plugins.
Preloading 0 native plugins for Editor in 0.00 ms.
Initialize engine version: 2020.2.0f1 (3721df5a8b28)
[Subsystems] Discovering subsystems at path C:/Program Files/Unity/Hub/Editor/2020.2.0f1/Editor/Data/Resources/UnitySubsystems
[Subsystems] Discovering subsystems at path C:/Users/User/Desktop/Game01/Assets
GfxDevice: creating device client; threaded=0
Direct3D:
    Version:  Direct3D 11.0 [level 11.1]
    Renderer: NVIDIA GeForce MX250 (ID=0x1d13)
    Vendor:   
    VRAM:     1983 MB
    Driver:   26.21.14.4137
Initialize mono
Mono path[0] = 'C:/Program Files/Unity/Hub/Editor/2020.2.0f1/Editor/Data/Managed'
Mono path[1] = 'C:/Program Files/Unity/Hub/Editor/2020.2.0f1/Editor/Data/MonoBleedingEdge/lib/mono/unityjit'
Mono config path = 'C:/Program Files/Unity/Hub/Editor/2020.2.0f1/Editor/Data/MonoBleedingEdge/etc'
Using monoOptions --debugger-agent=transport=dt_socket,embedding=1,server=y,suspend=n,address=127.0.0.1:56244
Begin MonoManager ReloadAssembly
Registering precompiled unity dll's ...
Register platform support module: C:/Program Files/Unity/Hub/Editor/2020.2.0f1/Editor/Data/PlaybackEngines/WindowsStandaloneSupport/UnityEditor.WindowsStandalone.Extensions.dll
Registered in 0.004048 seconds.
Native extension for WindowsStandalone target not found
Refreshing native plugins compatible for Editor in 94.86 ms, found 0 plugins.
Preloading 0 native plugins for Editor in 0.00 ms.
Invoked RoslynAnalysisRunner static constructor.
RoslynAnalysisRunner will not be running.
RoslynAnalysisRunner has terminated.
Mono: successfully reloaded assembly
- Completed reload, in  7.758 seconds
Platform modules already initialized, skipping
Registering precompiled user dll's ...
Registered in 0.002923 seconds.
Begin MonoManager ReloadAssembly
Native extension for WindowsStandalone target not found
Refreshing native plugins compatible for Editor in 0.51 ms, found 0 plugins.
Preloading 0 native plugins for Editor in 0.00 ms.
Invoked RoslynAnalysisRunner static constructor.
RoslynAnalysisRunner will not be running.
RoslynAnalysisRunner has terminated.
Mono: successfully reloaded assembly
- Completed reload, in  3.219 seconds
Platform modules already initialized, skipping
========================================================================
Worker process is ready to serve import requests
Launched and connected shader compiler UnityShaderCompiler.exe after 0.17 seconds
Refreshing native plugins compatible for Editor in 0.29 ms, found 0 plugins.
Preloading 0 native plugins for Editor in 0.00 ms.
Unloading 1098 Unused Serialized files (Serialized files now loaded: 0)
System memory in use before: 56.5 MB.
System memory in use after: 56.6 MB.

Unloading 10 unused Assets to reduce memory usage. Loaded Objects now: 1540.
Total: 5.013900 ms (FindLiveObjects: 0.236700 ms CreateObjectMapping: 0.123500 ms MarkObjects: 4.440500 ms  DeleteObjects: 0.209400 ms)

========================================================================
Received Import Request.
  path: Assets/Scripts/GameManager.cs
  artifactKey: Guid(d4b8471ac66732c4896e47ad740d0336) Importer(815301076,1909f56bfc062723c751e8b465ee728b)
Start importing Assets/Scripts/GameManager.cs using Guid(d4b8471ac66732c4896e47ad740d0336) Importer(815301076,1909f56bfc062723c751e8b465ee728b)  -> (artifact id: 'ca0a0e6eec4fb4e27a2111822bf907f6') in 0.154397 seconds
  Import took 0.160170 seconds .

========================================================================
Received Import Request.
  Time since last request: 235.208942 seconds.
  path: Assets/Scripts/GameManager.cs
  artifactKey: Guid(d4b8471ac66732c4896e47ad740d0336) Importer(815301076,1909f56bfc062723c751e8b465ee728b)
Start importing Assets/Scripts/GameManager.cs using Guid(d4b8471ac66732c4896e47ad740d0336) Importer(815301076,1909f56bfc062723c751e8b465ee728b)  -> (artifact id: '8265b08ea0248ace3da1de432bc06e48') in 0.011766 seconds
  Import took 0.020188 seconds .

========================================================================
Received Prepare
Registering precompiled user dll's ...
Registered in 0.001189 seconds.
Begin MonoManager ReloadAssembly
Native extension for WindowsStandalone target not found
Refreshing native plugins compatible for Editor in 1.03 ms, found 0 plugins.
Preloading 0 native plugins for Editor in 0.00 ms.
Invoked RoslynAnalysisRunner static constructor.
RoslynAnalysisRunner will not be running.
RoslynAnalysisRunner has terminated.
Mono: successfully reloaded assembly
- Completed reload, in  3.079 seconds
Platform modules already initialized, skipping
Refreshing native plugins compatible for Editor in 0.39 ms, found 0 plugins.
Preloading 0 native plugins for Editor in 0.00 ms.
Unloading 1093 Unused Serialized files (Serialized files now loaded: 0)
System memory in use before: 56.7 MB.
System memory in use after: 56.7 MB.

Unloading 5 unused Assets to reduce memory usage. Loaded Objects now: 1542.
Total: 4.591300 ms (FindLiveObjects: 0.430400 ms CreateObjectMapping: 0.144500 ms MarkObjects: 3.862900 ms  DeleteObjects: 0.149600 ms)

========================================================================
Received Import Request.
  Time since last request: 500.825811 seconds.
  path: Assets/Prefabs/Level1.prefab
  artifactKey: Guid(aadb9e5669283734a8a89131f25927db) Importer(815301076,1909f56bfc062723c751e8b465ee728b)
Start importing Assets/Prefabs/Level1.prefab using Guid(aadb9e5669283734a8a89131f25927db) Importer(815301076,1909f56bfc062723c751e8b465ee728b)  -> (artifact id: '40bd2041e7933bfe2f834b068bbd2d91') in 0.334586 seconds
  Import took 0.348689 seconds .

========================================================================
Received Prepare
Registering precompiled user dll's ...
Registered in 0.001896 seconds.
Begin MonoManager ReloadAssembly
Native extension for WindowsStandalone target not found
Refreshing native plugins compatible for Editor in 0.58 ms, found 0 plugins.
Preloading 0 native plugins for Editor in 0.00 ms.
Invoked RoslynAnalysisRunner static constructor.
RoslynAnalysisRunner will not be running.
RoslynAnalysisRunner has terminated.
Mono: successfully reloaded assembly
- Completed reload, in  2.868 seconds
Platform modules already initialized, skipping
Refreshing native plugins compatible for Editor in 0.46 ms, found 0 plugins.
Preloading 0 native plugins for Editor in 0.00 ms.
Unloading 1093 Unused Serialized files (Serialized files now loaded: 0)
System memory in use before: 60.3 MB.
System memory in use after: 60.3 MB.

Unloading 5 unused Assets to reduce memory usage. Loaded Objects now: 1552.
Total: 3.905200 ms (FindLiveObjects: 0.303900 ms CreateObjectMapping: 0.130600 ms MarkObjects: 3.378000 ms  DeleteObjects: 0.088800 ms)

========================================================================
Received Import Request.
  Time since last request: 104.596529 seconds.
  path: Assets/Prefabs/Level1 1.prefab
  artifactKey: Guid(c3d74ce5812f35f45a9acbc16b39181a) Importer(815301076,1909f56bfc062723c751e8b465ee728b)
Start importing Assets/Prefabs/Level1 1.prefab using Guid(c3d74ce5812f35f45a9acbc16b39181a) Importer(815301076,1909f56bfc062723c751e8b465ee728b)  -> (artifact id: 'c28cd6a0d1fb79aafa542b1cd2b7f962') in 0.281442 seconds
  Import took 0.292821 seconds .

========================================================================
Received Import Request.
  Time since last request: 37.276574 seconds.
  path: Assets/Prefabs/Level1 2.prefab
  artifactKey: Guid(f4bb2aa51eb1630488429edc10fbb5df) Importer(815301076,1909f56bfc062723c751e8b465ee728b)
Start importing Assets/Prefabs/Level1 2.prefab using Guid(f4bb2aa51eb1630488429edc10fbb5df) Importer(815301076,1909f56bfc062723c751e8b465ee728b)  -> (artifact id: '60a95fc76fd88a0c50f5901e1deffc5f') in 0.074878 seconds
  Import took 0.084464 seconds .

========================================================================
Received Import Request.
  Time since last request: 46.691353 seconds.
  path: Assets/Prefabs/Brick 1.prefab
  artifactKey: Guid(3103595630cc49d40907a103789949ec) Importer(815301076,1909f56bfc062723c751e8b465ee728b)
Start importing Assets/Prefabs/Brick 1.prefab using Guid(3103595630cc49d40907a103789949ec) Importer(815301076,1909f56bfc062723c751e8b465ee728b)  -> (artifact id: '50796c3ab368d84a2474f5cc7052db57') in 0.062067 seconds
  Import took 0.075971 seconds .

========================================================================
Received Import Request.
  Time since last request: 45.100250 seconds.
  path: Assets/Prefabs/Brick 1.prefab
  artifactKey: Guid(3103595630cc49d40907a103789949ec) Importer(815301076,1909f56bfc062723c751e8b465ee728b)
Start importing Assets/Prefabs/Brick 1.prefab using Guid(3103595630cc49d40907a103789949ec) Importer(815301076,1909f56bfc062723c751e8b465ee728b)  -> (artifact id: 'ba321d7e150716ec200c2012d84cd5ff') in 0.021895 seconds
  Import took 0.028002 seconds .

========================================================================
Received Import Request.
  Time since last request: 11.211380 seconds.
  path: Assets/Prefabs/Brick 2.prefab
  artifactKey: Guid(45fdf26426f0cf948992e72a4aa82886) Importer(815301076,1909f56bfc062723c751e8b465ee728b)
Start importing Assets/Prefabs/Brick 2.prefab using Guid(45fdf26426f0cf948992e72a4aa82886) Importer(815301076,1909f56bfc062723c751e8b465ee728b)  -> (artifact id: 'fbc78e3d8f13d255e99049194dd3b427') in 0.030694 seconds
  Import took 0.038542 seconds .

========================================================================
Received Import Request.
  Time since last request: 14.145286 seconds.
  path: Assets/Prefabs/Brick 2.prefab
  artifactKey: Guid(45fdf26426f0cf948992e72a4aa82886) Importer(815301076,1909f56bfc062723c751e8b465ee728b)
Start importing Assets/Prefabs/Brick 2.prefab using Guid(45fdf26426f0cf948992e72a4aa82886) Importer(815301076,1909f56bfc062723c751e8b465ee728b)  -> (artifact id: '9e9286dcf58c474c4b9bdb795800ca34') in 0.022272 seconds
  Import took 0.028864 seconds .

========================================================================
Received Import Request.
  Time since last request: 27.923603 seconds.
  path: Assets/Prefabs/Brick 2.prefab
  artifactKey: Guid(45fdf26426f0cf948992e72a4aa82886) Importer(815301076,1909f56bfc062723c751e8b465ee728b)
Start importing Assets/Prefabs/Brick 2.prefab using Guid(45fdf26426f0cf948992e72a4aa82886) Importer(815301076,1909f56bfc062723c751e8b465ee728b)  -> (artifact id: '9a1d047a34298711f6858d8ad10c9653') in 0.032227 seconds
  Import took 0.037053 seconds .

========================================================================
Received Import Request.
  Time since last request: 86.595447 seconds.
  path: Assets/Prefabs/Level1 1.prefab
  artifactKey: Guid(c3d74ce5812f35f45a9acbc16b39181a) Importer(815301076,1909f56bfc062723c751e8b465ee728b)
Start importing Assets/Prefabs/Level1 1.prefab using Guid(c3d74ce5812f35f45a9acbc16b39181a) Importer(815301076,1909f56bfc062723c751e8b465ee728b)  -> (artifact id: 'f0d5c487a332d682787fd46d3878613c') in 0.154215 seconds
  Import took 0.171218 seconds .

========================================================================
Received Prepare
Registering precompiled user dll's ...
Registered in 0.001379 seconds.
Begin MonoManager ReloadAssembly
Native extension for WindowsStandalone target not found
Refreshing native plugins compatible for Editor in 0.39 ms, found 0 plugins.
Preloading 0 native plugins for Editor in 0.00 ms.
Invoked RoslynAnalysisRunner static constructor.
RoslynAnalysisRunner will not be running.
RoslynAnalysisRunner has terminated.
Mono: successfully reloaded assembly
- Completed reload, in  2.292 seconds
Platform modules already initialized, skipping
Refreshing native plugins compatible for Editor in 0.43 ms, found 0 plugins.
Preloading 0 native plugins for Editor in 0.00 ms.
Unloading 1093 Unused Serialized files (Serialized files now loaded: 0)
System memory in use before: 61.3 MB.
System memory in use after: 61.3 MB.

Unloading 5 unused Assets to reduce memory usage. Loaded Objects now: 1555.
Total: 3.959200 ms (FindLiveObjects: 0.313200 ms CreateObjectMapping: 0.100900 ms MarkObjects: 3.447600 ms  DeleteObjects: 0.093700 ms)

========================================================================
Received Import Request.
  Time since last request: 10.265643 seconds.
  path: Assets/Prefabs/Level1 2.prefab
  artifactKey: Guid(f4bb2aa51eb1630488429edc10fbb5df) Importer(815301076,1909f56bfc062723c751e8b465ee728b)
Start importing Assets/Prefabs/Level1 2.prefab using Guid(f4bb2aa51eb1630488429edc10fbb5df) Importer(815301076,1909f56bfc062723c751e8b465ee728b)  -> (artifact id: '9b3450d6401cc402094cfca887e5e0a0') in 0.187003 seconds
  Import took 0.195420 seconds .

========================================================================
Received Import Request.
  Time since last request: 2.071480 seconds.
  path: Assets/Prefabs/Level1.prefab
  artifactKey: Guid(aadb9e5669283734a8a89131f25927db) Importer(815301076,1909f56bfc062723c751e8b465ee728b)
Start importing Assets/Prefabs/Level1.prefab using Guid(aadb9e5669283734a8a89131f25927db) Importer(815301076,1909f56bfc062723c751e8b465ee728b)  -> (artifact id: '4f5edf17fcfeb8abb6520debae38df0e') in 0.114023 seconds
  Import took 0.128718 seconds .

========================================================================
Received Import Request.
  Time since last request: 0.002378 seconds.
  path: Assets/Prefabs/Level1.prefab
  artifactKey: Guid(aadb9e5669283734a8a89131f25927db) Importer(815301076,1909f56bfc062723c751e8b465ee728b)
Start importing Assets/Prefabs/Level1.prefab using Guid(aadb9e5669283734a8a89131f25927db) Importer(815301076,1909f56bfc062723c751e8b465ee728b)  -> (artifact id: '4f5edf17fcfeb8abb6520debae38df0e') in 0.124532 seconds
  Import took 0.136705 seconds .

========================================================================
Received Prepare
Registering precompiled user dll's ...
Registered in 0.001460 seconds.
Begin MonoManager ReloadAssembly
Native extension for WindowsStandalone target not found
Refreshing native plugins compatible for Editor in 0.61 ms, found 0 plugins.
Preloading 0 native plugins for Editor in 0.00 ms.
Invoked RoslynAnalysisRunner static constructor.
RoslynAnalysisRunner will not be running.
RoslynAnalysisRunner has terminated.
Mono: successfully reloaded assembly
- Completed reload, in  2.567 seconds
Platform modules already initialized, skipping
Refreshing native plugins compatible for Editor in 0.58 ms, found 0 plugins.
Preloading 0 native plugins for Editor in 0.00 ms.
Unloading 1093 Unused Serialized files (Serialized files now loaded: 0)
System memory in use before: 61.4 MB.
System memory in use after: 61.5 MB.

Unloading 5 unused Assets to reduce memory usage. Loaded Objects now: 1558.
Total: 6.927400 ms (FindLiveObjects: 0.597100 ms CreateObjectMapping: 0.235400 ms MarkObjects: 5.965500 ms  DeleteObjects: 0.124400 ms)

========================================================================
Received Prepare
Registering precompiled user dll's ...
Registered in 0.001707 seconds.
Begin MonoManager ReloadAssembly
Native extension for WindowsStandalone target not found
Refreshing native plugins compatible for Editor in 0.39 ms, found 0 plugins.
Preloading 0 native plugins for Editor in 0.00 ms.
Invoked RoslynAnalysisRunner static constructor.
RoslynAnalysisRunner will not be running.
RoslynAnalysisRunner has terminated.
Mono: successfully reloaded assembly
- Completed reload, in  3.005 seconds
Platform modules already initialized, skipping
Refreshing native plugins compatible for Editor in 0.89 ms, found 0 plugins.
Preloading 0 native plugins for Editor in 0.00 ms.
Unloading 1093 Unused Serialized files (Serialized files now loaded: 0)
System memory in use before: 61.5 MB.
System memory in use after: 61.6 MB.

Unloading 5 unused Assets to reduce memory usage. Loaded Objects now: 1560.
Total: 2.808000 ms (FindLiveObjects: 0.237500 ms CreateObjectMapping: 0.064400 ms MarkObjects: 2.388000 ms  DeleteObjects: 0.114700 ms)

========================================================================
Received Prepare
Registering precompiled user dll's ...
Registered in 0.002308 seconds.
Begin MonoManager ReloadAssembly
Native extension for WindowsStandalone target not found
Refreshing native plugins compatible for Editor in 0.40 ms, found 0 plugins.
Preloading 0 native plugins for Editor in 0.00 ms.
Invoked RoslynAnalysisRunner static constructor.
RoslynAnalysisRunner will not be running.
RoslynAnalysisRunner has terminated.
Mono: successfully reloaded assembly
- Completed reload, in  2.049 seconds
Platform modules already initialized, skipping
Refreshing native plugins compatible for Editor in 0.31 ms, found 0 plugins.
Preloading 0 native plugins for Editor in 0.00 ms.
Unloading 1093 Unused Serialized files (Serialized files now loaded: 0)
System memory in use before: 61.7 MB.
System memory in use after: 61.8 MB.

Unloading 5 unused Assets to reduce memory usage. Loaded Objects now: 1562.
Total: 2.725900 ms (FindLiveObjects: 0.213400 ms CreateObjectMapping: 0.066200 ms MarkObjects: 2.371800 ms  DeleteObjects: 0.072400 ms)

========================================================================
Received Prepare
Registering precompiled user dll's ...
Registered in 0.002592 seconds.
Begin MonoManager ReloadAssembly
Native extension for WindowsStandalone target not found
Refreshing native plugins compatible for Editor in 0.60 ms, found 0 plugins.
Preloading 0 native plugins for Editor in 0.00 ms.
Invoked RoslynAnalysisRunner static constructor.
RoslynAnalysisRunner will not be running.
RoslynAnalysisRunner has terminated.
Mono: successfully reloaded assembly
- Completed reload, in  3.611 seconds
Platform modules already initialized, skipping
Refreshing native plugins compatible for Editor in 0.55 ms, found 0 plugins.
Preloading 0 native plugins for Editor in 0.00 ms.
Unloading 1093 Unused Serialized files (Serialized files now loaded: 0)
System memory in use before: 61.8 MB.
System memory in use after: 61.8 MB.

Unloading 5 unused Assets to reduce memory usage. Loaded Objects now: 1564.
Total: 5.774400 ms (FindLiveObjects: 0.416300 ms CreateObjectMapping: 0.170400 ms MarkObjects: 5.060100 ms  DeleteObjects: 0.123400 ms)

========================================================================
Received Import Request.
  Time since last request: 756.766736 seconds.
  path: Assets/Prefabs/Brick 2.prefab
  artifactKey: Guid(45fdf26426f0cf948992e72a4aa82886) Importer(815301076,1909f56bfc062723c751e8b465ee728b)
Start importing Assets/Prefabs/Brick 2.prefab using Guid(45fdf26426f0cf948992e72a4aa82886) Importer(815301076,1909f56bfc062723c751e8b465ee728b)  -> (artifact id: '7a15fb3dfd1532607a50c718fd78d8cb') in 0.306855 seconds
  Import took 0.352104 seconds .

========================================================================
Received Import Request.
  Time since last request: 26.740021 seconds.
  path: Assets/Prefabs/Brick.prefab
  artifactKey: Guid(3103595630cc49d40907a103789949ec) Importer(815301076,1909f56bfc062723c751e8b465ee728b)
Start importing Assets/Prefabs/Brick.prefab using Guid(3103595630cc49d40907a103789949ec) Importer(815301076,1909f56bfc062723c751e8b465ee728b)  -> (artifact id: 'dcb87a56576772ad24b6e01b0bc7ce0e') in 0.024316 seconds
  Import took 0.030096 seconds .

========================================================================
Received Import Request.
  Time since last request: 515.500383 seconds.
  path: Assets/Prefabs/Brick.prefab
  artifactKey: Guid(3103595630cc49d40907a103789949ec) Importer(815301076,1909f56bfc062723c751e8b465ee728b)
Start importing Assets/Prefabs/Brick.prefab using Guid(3103595630cc49d40907a103789949ec) Importer(815301076,1909f56bfc062723c751e8b465ee728b)  -> (artifact id: 'bfe137adba3512d1f784d69ce73cf94f') in 0.091422 seconds
  Import took 0.106637 seconds .

========================================================================
Received Import Request.
  Time since last request: 116.031945 seconds.
  path: Assets/Prefabs/Brick 1.prefab
  artifactKey: Guid(7ec36803827e5dc429ac4c276078e095) Importer(815301076,1909f56bfc062723c751e8b465ee728b)
Start importing Assets/Prefabs/Brick 1.prefab using Guid(7ec36803827e5dc429ac4c276078e095) Importer(815301076,1909f56bfc062723c751e8b465ee728b)  -> (artifact id: '1adfdd1ee05a6ede7e917234ab99cd73') in 0.030709 seconds
  Import took 0.034965 seconds .

========================================================================
Received Import Request.
  Time since last request: 4.373778 seconds.
  path: Assets/Prefabs/Brick 1.prefab
  artifactKey: Guid(7ec36803827e5dc429ac4c276078e095) Importer(815301076,1909f56bfc062723c751e8b465ee728b)
Start importing Assets/Prefabs/Brick 1.prefab using Guid(7ec36803827e5dc429ac4c276078e095) Importer(815301076,1909f56bfc062723c751e8b465ee728b)  -> (artifact id: '08da3135c927250f6892519d64fa6ba0') in 0.028482 seconds
  Import took 0.036897 seconds .

========================================================================
Received Import Request.
  Time since last request: 3.912010 seconds.
  path: Assets/Prefabs/Level1 2.prefab
  artifactKey: Guid(f4bb2aa51eb1630488429edc10fbb5df) Importer(815301076,1909f56bfc062723c751e8b465ee728b)
Start importing Assets/Prefabs/Level1 2.prefab using Guid(f4bb2aa51eb1630488429edc10fbb5df) Importer(815301076,1909f56bfc062723c751e8b465ee728b)  -> (artifact id: 'b2584970059efec07d1e63c7ea192009') in 0.041013 seconds
  Import took 0.057089 seconds .

========================================================================
Received Import Request.
  Time since last request: 35.964129 seconds.
  path: Assets/Prefabs/Level1 2.prefab
  artifactKey: Guid(f4bb2aa51eb1630488429edc10fbb5df) Importer(815301076,1909f56bfc062723c751e8b465ee728b)
Start importing Assets/Prefabs/Level1 2.prefab using Guid(f4bb2aa51eb1630488429edc10fbb5df) Importer(815301076,1909f56bfc062723c751e8b465ee728b)  -> (artifact id: 'cd76a0b5038aa0892cc66f49812fc922') in 0.038740 seconds
  Import took 0.053333 seconds .

========================================================================
Received Import Request.
  Time since last request: 5.533329 seconds.
  path: Assets/Prefabs/Level1.prefab
  artifactKey: Guid(aadb9e5669283734a8a89131f25927db) Importer(815301076,1909f56bfc062723c751e8b465ee728b)
Start importing Assets/Prefabs/Level1.prefab using Guid(aadb9e5669283734a8a89131f25927db) Importer(815301076,1909f56bfc062723c751e8b465ee728b)  -> (artifact id: 'b44ed0ce043ee910ac1681ef165cc321') in 0.053765 seconds
  Import took 0.069885 seconds .

========================================================================
Received Import Request.
  Time since last request: 30.648814 seconds.
  path: Assets/Prefabs/Brick 1.prefab
  artifactKey: Guid(7ec36803827e5dc429ac4c276078e095) Importer(815301076,1909f56bfc062723c751e8b465ee728b)
Start importing Assets/Prefabs/Brick 1.prefab using Guid(7ec36803827e5dc429ac4c276078e095) Importer(815301076,1909f56bfc062723c751e8b465ee728b)  -> (artifact id: '05f3c119170b409b54de0e590586711f') in 0.039394 seconds
  Import took 0.049302 seconds .

========================================================================
Received Import Request.
  Time since last request: 66.979038 seconds.
  path: Assets/Prefabs/Level1.prefab
  artifactKey: Guid(aadb9e5669283734a8a89131f25927db) Importer(815301076,1909f56bfc062723c751e8b465ee728b)
Start importing Assets/Prefabs/Level1.prefab using Guid(aadb9e5669283734a8a89131f25927db) Importer(815301076,1909f56bfc062723c751e8b465ee728b)  -> (artifact id: '5c9f0185a2fdb7d1422fdd49fc22ecaf') in 0.065951 seconds
  Import took 0.088362 seconds .

========================================================================
Received Import Request.
  Time since last request: 334.118379 seconds.
  path: Assets/Scenes/SampleScene.unity
  artifactKey: Guid(9fc0d4010bbf28b4594072e72b8655ab) Importer(815301076,1909f56bfc062723c751e8b465ee728b)
Start importing Assets/Scenes/SampleScene.unity using Guid(9fc0d4010bbf28b4594072e72b8655ab) Importer(815301076,1909f56bfc062723c751e8b465ee728b)  -> (artifact id: 'a10b814fb40da61861e66dc9f3d48311') in 0.019549 seconds
  Import took 0.032183 seconds .

========================================================================
Received Prepare
Registering precompiled user dll's ...
Registered in 0.003109 seconds.
Begin MonoManager ReloadAssembly
Native extension for WindowsStandalone target not found
Refreshing native plugins compatible for Editor in 0.36 ms, found 0 plugins.
Preloading 0 native plugins for Editor in 0.00 ms.
Invoked RoslynAnalysisRunner static constructor.
RoslynAnalysisRunner will not be running.
RoslynAnalysisRunner has terminated.
Mono: successfully reloaded assembly
- Completed reload, in  3.612 seconds
Platform modules already initialized, skipping
Refreshing native plugins compatible for Editor in 1.07 ms, found 0 plugins.
Preloading 0 native plugins for Editor in 0.00 ms.
Unloading 1093 Unused Serialized files (Serialized files now loaded: 0)
System memory in use before: 62.1 MB.
System memory in use after: 62.1 MB.

Unloading 5 unused Assets to reduce memory usage. Loaded Objects now: 1567.
Total: 5.549900 ms (FindLiveObjects: 0.360000 ms CreateObjectMapping: 0.129200 ms MarkObjects: 4.927300 ms  DeleteObjects: 0.129200 ms)

========================================================================
Received Import Request.
  Time since last request: 440.935971 seconds.
  path: Assets/Prefabs/Level1.prefab
  artifactKey: Guid(aadb9e5669283734a8a89131f25927db) Importer(815301076,1909f56bfc062723c751e8b465ee728b)
Start importing Assets/Prefabs/Level1.prefab using Guid(aadb9e5669283734a8a89131f25927db) Importer(815301076,1909f56bfc062723c751e8b465ee728b)  -> (artifact id: '4aaf850d96257ace9576c8741905c1a9') in 0.026124 seconds
  Import took 0.028531 seconds .

========================================================================
Received Import Request.
  Time since last request: 14.954605 seconds.
  path: Assets/Prefabs/Level1 1.prefab
  artifactKey: Guid(c3d74ce5812f35f45a9acbc16b39181a) Importer(815301076,1909f56bfc062723c751e8b465ee728b)
Start importing Assets/Prefabs/Level1 1.prefab using Guid(c3d74ce5812f35f45a9acbc16b39181a) Importer(815301076,1909f56bfc062723c751e8b465ee728b)  -> (artifact id: '5019ce40df0aa675d3e9beaf5a3d1772') in 0.312817 seconds
  Import took 0.324386 seconds .

========================================================================
Received Prepare
Registering precompiled user dll's ...
Registered in 0.000867 seconds.
Begin MonoManager ReloadAssembly
Native extension for WindowsStandalone target not found
Refreshing native plugins compatible for Editor in 0.22 ms, found 0 plugins.
Preloading 0 native plugins for Editor in 0.00 ms.
Invoked RoslynAnalysisRunner static constructor.
RoslynAnalysisRunner will not be running.
RoslynAnalysisRunner has terminated.
Mono: successfully reloaded assembly
- Completed reload, in  1.059 seconds
Platform modules already initialized, skipping
Refreshing native plugins compatible for Editor in 0.21 ms, found 0 plugins.
Preloading 0 native plugins for Editor in 0.00 ms.
Unloading 1093 Unused Serialized files (Serialized files now loaded: 0)
System memory in use before: 62.3 MB.
System memory in use after: 62.3 MB.

Unloading 5 unused Assets to reduce memory usage. Loaded Objects now: 1570.
Total: 1.712700 ms (FindLiveObjects: 0.137100 ms CreateObjectMapping: 0.033900 ms MarkObjects: 1.498100 ms  DeleteObjects: 0.042600 ms)

========================================================================
Received Prepare
Registering precompiled user dll's ...
Registered in 0.000787 seconds.
Begin MonoManager ReloadAssembly
Native extension for WindowsStandalone target not found
Refreshing native plugins compatible for Editor in 0.27 ms, found 0 plugins.
Preloading 0 native plugins for Editor in 0.00 ms.
Invoked RoslynAnalysisRunner static constructor.
RoslynAnalysisRunner will not be running.
RoslynAnalysisRunner has terminated.
Mono: successfully reloaded assembly
- Completed reload, in  1.028 seconds
Platform modules already initialized, skipping
Refreshing native plugins compatible for Editor in 0.33 ms, found 0 plugins.
Preloading 0 native plugins for Editor in 0.00 ms.
Unloading 1093 Unused Serialized files (Serialized files now loaded: 0)
System memory in use before: 62.4 MB.
System memory in use after: 62.5 MB.

Unloading 5 unused Assets to reduce memory usage. Loaded Objects now: 1572.
Total: 17.881100 ms (FindLiveObjects: 1.247100 ms CreateObjectMapping: 0.758300 ms MarkObjects: 15.503800 ms  DeleteObjects: 0.361700 ms)

========================================================================
Received Prepare
Registering precompiled user dll's ...
Registered in 0.000826 seconds.
Begin MonoManager ReloadAssembly
Native extension for WindowsStandalone target not found
Refreshing native plugins compatible for Editor in 1.21 ms, found 0 plugins.
Preloading 0 native plugins for Editor in 0.00 ms.
Invoked RoslynAnalysisRunner static constructor.
RoslynAnalysisRunner will not be running.
RoslynAnalysisRunner has terminated.
Mono: successfully reloaded assembly
- Completed reload, in  1.777 seconds
Platform modules already initialized, skipping
Refreshing native plugins compatible for Editor in 1.32 ms, found 0 plugins.
Preloading 0 native plugins for Editor in 0.00 ms.
Unloading 1093 Unused Serialized files (Serialized files now loaded: 0)
System memory in use before: 62.5 MB.
System memory in use after: 62.6 MB.

Unloading 5 unused Assets to reduce memory usage. Loaded Objects now: 1574.
Total: 1.887400 ms (FindLiveObjects: 0.222800 ms CreateObjectMapping: 0.029000 ms MarkObjects: 1.580400 ms  DeleteObjects: 0.053300 ms)

========================================================================
Received Import Request.
  Time since last request: 424.401845 seconds.
  path: Assets/Prefabs/Ball.prefab
  artifactKey: Guid(fce93a263402e32468074c5311fd9596) Importer(815301076,1909f56bfc062723c751e8b465ee728b)
Start importing Assets/Prefabs/Ball.prefab using Guid(fce93a263402e32468074c5311fd9596) Importer(815301076,1909f56bfc062723c751e8b465ee728b)  -> (artifact id: '0cd808f2331e7c05f3a60cc969f5dbc7') in 0.056866 seconds
  Import took 0.059182 seconds .

========================================================================
Received Import Request.
  Time since last request: 20.673409 seconds.
  path: Assets/Prefabs/Ball.prefab
  artifactKey: Guid(fce93a263402e32468074c5311fd9596) Importer(815301076,1909f56bfc062723c751e8b465ee728b)
Start importing Assets/Prefabs/Ball.prefab using Guid(fce93a263402e32468074c5311fd9596) Importer(815301076,1909f56bfc062723c751e8b465ee728b)  -> (artifact id: 'ae1fe8f1ea9a5de1927b465cd78cf682') in 0.009621 seconds
  Import took 0.012041 seconds .

========================================================================
Received Prepare
Registering precompiled user dll's ...
Registered in 0.001418 seconds.
Begin MonoManager ReloadAssembly
Native extension for WindowsStandalone target not found
Refreshing native plugins compatible for Editor in 0.31 ms, found 0 plugins.
Preloading 0 native plugins for Editor in 0.00 ms.
Invoked RoslynAnalysisRunner static constructor.
RoslynAnalysisRunner will not be running.
RoslynAnalysisRunner has terminated.
Mono: successfully reloaded assembly
- Completed reload, in  1.757 seconds
Platform modules already initialized, skipping
Refreshing native plugins compatible for Editor in 0.36 ms, found 0 plugins.
Preloading 0 native plugins for Editor in 0.00 ms.
Unloading 1093 Unused Serialized files (Serialized files now loaded: 0)
System memory in use before: 62.7 MB.
System memory in use after: 62.8 MB.

Unloading 6 unused Assets to reduce memory usage. Loaded Objects now: 1578.
Total: 1.842700 ms (FindLiveObjects: 0.119800 ms CreateObjectMapping: 0.034500 ms MarkObjects: 1.645300 ms  DeleteObjects: 0.042200 ms)

========================================================================
Received Import Request.
  Time since last request: 16.368673 seconds.
  path: Assets/Prefabs/Ball.prefab
  artifactKey: Guid(fce93a263402e32468074c5311fd9596) Importer(815301076,1909f56bfc062723c751e8b465ee728b)
Start importing Assets/Prefabs/Ball.prefab using Guid(fce93a263402e32468074c5311fd9596) Importer(815301076,1909f56bfc062723c751e8b465ee728b)  -> (artifact id: '2069cc15048888b88513173c8ec1ba22') in 0.060123 seconds
  Import took 0.064040 seconds .

========================================================================
Received Prepare
Registering precompiled user dll's ...
Registered in 0.000962 seconds.
Begin MonoManager ReloadAssembly
Native extension for WindowsStandalone target not found
Refreshing native plugins compatible for Editor in 0.25 ms, found 0 plugins.
Preloading 0 native plugins for Editor in 0.00 ms.
Invoked RoslynAnalysisRunner static constructor.
RoslynAnalysisRunner will not be running.
RoslynAnalysisRunner has terminated.
Mono: successfully reloaded assembly
- Completed reload, in  1.229 seconds
Platform modules already initialized, skipping
Refreshing native plugins compatible for Editor in 0.21 ms, found 0 plugins.
Preloading 0 native plugins for Editor in 0.00 ms.
Unloading 1093 Unused Serialized files (Serialized files now loaded: 0)
System memory in use before: 62.9 MB.
System memory in use after: 63.0 MB.

Unloading 6 unused Assets to reduce memory usage. Loaded Objects now: 1581.
Total: 1.818100 ms (FindLiveObjects: 0.138600 ms CreateObjectMapping: 0.036100 ms MarkObjects: 1.596200 ms  DeleteObjects: 0.046300 ms)

========================================================================
Received Prepare
Registering precompiled user dll's ...
Registered in 0.000777 seconds.
Begin MonoManager ReloadAssembly
Native extension for WindowsStandalone target not found
Refreshing native plugins compatible for Editor in 0.21 ms, found 0 plugins.
Preloading 0 native plugins for Editor in 0.00 ms.
Invoked RoslynAnalysisRunner static constructor.
RoslynAnalysisRunner will not be running.
RoslynAnalysisRunner has terminated.
Mono: successfully reloaded assembly
- Completed reload, in  0.885 seconds
Platform modules already initialized, skipping
Refreshing native plugins compatible for Editor in 0.20 ms, found 0 plugins.
Preloading 0 native plugins for Editor in 0.00 ms.
Unloading 1093 Unused Serialized files (Serialized files now loaded: 0)
System memory in use before: 63.0 MB.
System memory in use after: 63.1 MB.

Unloading 5 unused Assets to reduce memory usage. Loaded Objects now: 1583.
Total: 1.790200 ms (FindLiveObjects: 0.162700 ms CreateObjectMapping: 0.054900 ms MarkObjects: 1.522000 ms  DeleteObjects: 0.048500 ms)

========================================================================
Received Prepare
Registering precompiled user dll's ...
Registered in 0.000833 seconds.
Begin MonoManager ReloadAssembly
Native extension for WindowsStandalone target not found
Refreshing native plugins compatible for Editor in 0.21 ms, found 0 plugins.
Preloading 0 native plugins for Editor in 0.00 ms.
Invoked RoslynAnalysisRunner static constructor.
RoslynAnalysisRunner will not be running.
RoslynAnalysisRunner has terminated.
Mono: successfully reloaded assembly
- Completed reload, in  1.629 seconds
Platform modules already initialized, skipping
Refreshing native plugins compatible for Editor in 0.22 ms, found 0 plugins.
Preloading 0 native plugins for Editor in 0.00 ms.
Unloading 1093 Unused Serialized files (Serialized files now loaded: 0)
System memory in use before: 63.0 MB.
System memory in use after: 63.1 MB.

Unloading 5 unused Assets to reduce memory usage. Loaded Objects now: 1585.
Total: 10.656400 ms (FindLiveObjects: 0.716400 ms CreateObjectMapping: 0.251700 ms MarkObjects: 9.430400 ms  DeleteObjects: 0.249500 ms)

========================================================================
Received Prepare
Registering precompiled user dll's ...
Registered in 0.001262 seconds.
Begin MonoManager ReloadAssembly
Native extension for WindowsStandalone target not found
Refreshing native plugins compatible for Editor in 0.23 ms, found 0 plugins.
Preloading 0 native plugins for Editor in 0.00 ms.
Invoked RoslynAnalysisRunner static constructor.
RoslynAnalysisRunner will not be running.
RoslynAnalysisRunner has terminated.
Mono: successfully reloaded assembly
- Completed reload, in  3.831 seconds
Platform modules already initialized, skipping
Refreshing native plugins compatible for Editor in 1.20 ms, found 0 plugins.
Preloading 0 native plugins for Editor in 0.00 ms.
Unloading 1093 Unused Serialized files (Serialized files now loaded: 0)
System memory in use before: 62.3 MB.
System memory in use after: 62.4 MB.

Unloading 5 unused Assets to reduce memory usage. Loaded Objects now: 1587.
Total: 17.764200 ms (FindLiveObjects: 1.127400 ms CreateObjectMapping: 0.514500 ms MarkObjects: 15.864600 ms  DeleteObjects: 0.247400 ms)

========================================================================
Received Prepare
Registering precompiled user dll's ...
Registered in 0.000981 seconds.
Begin MonoManager ReloadAssembly
Native extension for WindowsStandalone target not found
Refreshing native plugins compatible for Editor in 0.22 ms, found 0 plugins.
Preloading 0 native plugins for Editor in 0.00 ms.
Invoked RoslynAnalysisRunner static constructor.
RoslynAnalysisRunner will not be running.
RoslynAnalysisRunner has terminated.
Mono: successfully reloaded assembly
- Completed reload, in  0.836 seconds
Platform modules already initialized, skipping
Refreshing native plugins compatible for Editor in 0.21 ms, found 0 plugins.
Preloading 0 native plugins for Editor in 0.00 ms.
Unloading 1093 Unused Serialized files (Serialized files now loaded: 0)
System memory in use before: 62.4 MB.
System memory in use after: 62.5 MB.

Unloading 5 unused Assets to reduce memory usage. Loaded Objects now: 1589.
Total: 1.863000 ms (FindLiveObjects: 0.114800 ms CreateObjectMapping: 0.027700 ms MarkObjects: 1.676300 ms  DeleteObjects: 0.042600 ms)

========================================================================
Received Import Request.
  Time since last request: 1028.522948 seconds.
  path: Assets/Prefabs/Level1 1.prefab
  artifactKey: Guid(c3d74ce5812f35f45a9acbc16b39181a) Importer(815301076,1909f56bfc062723c751e8b465ee728b)
Start importing Assets/Prefabs/Level1 1.prefab using Guid(c3d74ce5812f35f45a9acbc16b39181a) Importer(815301076,1909f56bfc062723c751e8b465ee728b)  -> (artifact id: 'b3277c85b7e6daec56caac2538024f02') in 0.083537 seconds
  Import took 0.087824 seconds .

========================================================================
Received Prepare
Registering precompiled user dll's ...
Registered in 0.000748 seconds.
Begin MonoManager ReloadAssembly
Native extension for WindowsStandalone target not found
Refreshing native plugins compatible for Editor in 0.26 ms, found 0 plugins.
Preloading 0 native plugins for Editor in 0.00 ms.
Invoked RoslynAnalysisRunner static constructor.
RoslynAnalysisRunner will not be running.
RoslynAnalysisRunner has terminated.
Mono: successfully reloaded assembly
- Completed reload, in  0.871 seconds
Platform modules already initialized, skipping
Refreshing native plugins compatible for Editor in 0.20 ms, found 0 plugins.
Preloading 0 native plugins for Editor in 0.00 ms.
Unloading 1093 Unused Serialized files (Serialized files now loaded: 0)
System memory in use before: 62.8 MB.
System memory in use after: 62.8 MB.

Unloading 5 unused Assets to reduce memory usage. Loaded Objects now: 1592.
Total: 1.767400 ms (FindLiveObjects: 0.112500 ms CreateObjectMapping: 0.029100 ms MarkObjects: 1.559800 ms  DeleteObjects: 0.064900 ms)

========================================================================
Received Prepare
Registering precompiled user dll's ...
Registered in 0.000932 seconds.
Begin MonoManager ReloadAssembly
Native extension for WindowsStandalone target not found
Refreshing native plugins compatible for Editor in 0.19 ms, found 0 plugins.
Preloading 0 native plugins for Editor in 0.00 ms.
Invoked RoslynAnalysisRunner static constructor.
RoslynAnalysisRunner will not be running.
RoslynAnalysisRunner has terminated.
Mono: successfully reloaded assembly
- Completed reload, in  1.081 seconds
Platform modules already initialized, skipping
Refreshing native plugins compatible for Editor in 0.24 ms, found 0 plugins.
Preloading 0 native plugins for Editor in 0.00 ms.
Unloading 1093 Unused Serialized files (Serialized files now loaded: 0)
System memory in use before: 62.9 MB.
System memory in use after: 63.0 MB.

Unloading 5 unused Assets to reduce memory usage. Loaded Objects now: 1594.
Total: 1.691400 ms (FindLiveObjects: 0.155800 ms CreateObjectMapping: 0.041100 ms MarkObjects: 1.434900 ms  DeleteObjects: 0.058600 ms)

========================================================================
Received Prepare
Registering precompiled user dll's ...
Registered in 0.000939 seconds.
Begin MonoManager ReloadAssembly
Native extension for WindowsStandalone target not found
Refreshing native plugins compatible for Editor in 0.28 ms, found 0 plugins.
Preloading 0 native plugins for Editor in 0.00 ms.
Invoked RoslynAnalysisRunner static constructor.
RoslynAnalysisRunner will not be running.
RoslynAnalysisRunner has terminated.
Mono: successfully reloaded assembly
- Completed reload, in  1.002 seconds
Platform modules already initialized, skipping
Refreshing native plugins compatible for Editor in 0.23 ms, found 0 plugins.
Preloading 0 native plugins for Editor in 0.00 ms.
Unloading 1093 Unused Serialized files (Serialized files now loaded: 0)
System memory in use before: 63.0 MB.
System memory in use after: 63.1 MB.

Unloading 5 unused Assets to reduce memory usage. Loaded Objects now: 1596.
Total: 2.260600 ms (FindLiveObjects: 0.152600 ms CreateObjectMapping: 0.038600 ms MarkObjects: 2.012600 ms  DeleteObjects: 0.055600 ms)

========================================================================
Received Import Request.
  Time since last request: 917.982339 seconds.
  path: Assets/Prefabs/Level0.prefab
  artifactKey: Guid(c3d74ce5812f35f45a9acbc16b39181a) Importer(815301076,1909f56bfc062723c751e8b465ee728b)
Start importing Assets/Prefabs/Level0.prefab using Guid(c3d74ce5812f35f45a9acbc16b39181a) Importer(815301076,1909f56bfc062723c751e8b465ee728b)  -> (artifact id: '415b7abe00935042719bc7124b4f6d95') in 0.076497 seconds
  Import took 0.080271 seconds .

========================================================================
Received Prepare
Registering precompiled user dll's ...
Registered in 0.000742 seconds.
Begin MonoManager ReloadAssembly
Native extension for WindowsStandalone target not found
Refreshing native plugins compatible for Editor in 0.20 ms, found 0 plugins.
Preloading 0 native plugins for Editor in 0.00 ms.
Invoked RoslynAnalysisRunner static constructor.
RoslynAnalysisRunner will not be running.
RoslynAnalysisRunner has terminated.
Mono: successfully reloaded assembly
- Completed reload, in  0.814 seconds
Platform modules already initialized, skipping
Refreshing native plugins compatible for Editor in 0.24 ms, found 0 plugins.
Preloading 0 native plugins for Editor in 0.00 ms.
Unloading 1093 Unused Serialized files (Serialized files now loaded: 0)
System memory in use before: 63.2 MB.
System memory in use after: 63.3 MB.

Unloading 5 unused Assets to reduce memory usage. Loaded Objects now: 1599.
Total: 2.143900 ms (FindLiveObjects: 0.262100 ms CreateObjectMapping: 0.063000 ms MarkObjects: 1.724200 ms  DeleteObjects: 0.084700 ms)

========================================================================
Received Import Request.
  Time since last request: 171.295452 seconds.
  path: Assets/Prefabs/Level1.prefab
  artifactKey: Guid(aadb9e5669283734a8a89131f25927db) Importer(815301076,1909f56bfc062723c751e8b465ee728b)
Start importing Assets/Prefabs/Level1.prefab using Guid(aadb9e5669283734a8a89131f25927db) Importer(815301076,1909f56bfc062723c751e8b465ee728b)  -> (artifact id: 'f1af07761f5a347b6c60ba97226d150e') in 0.063958 seconds
  Import took 0.066797 seconds .

========================================================================
Received Prepare
Registering precompiled user dll's ...
Registered in 0.000826 seconds.
Begin MonoManager ReloadAssembly
Native extension for WindowsStandalone target not found
Refreshing native plugins compatible for Editor in 0.22 ms, found 0 plugins.
Preloading 0 native plugins for Editor in 0.00 ms.
Invoked RoslynAnalysisRunner static constructor.
RoslynAnalysisRunner will not be running.
RoslynAnalysisRunner has terminated.
Mono: successfully reloaded assembly
- Completed reload, in  0.808 seconds
Platform modules already initialized, skipping
Refreshing native plugins compatible for Editor in 0.20 ms, found 0 plugins.
Preloading 0 native plugins for Editor in 0.00 ms.
Unloading 1093 Unused Serialized files (Serialized files now loaded: 0)
System memory in use before: 63.3 MB.
System memory in use after: 63.4 MB.

Unloading 5 unused Assets to reduce memory usage. Loaded Objects now: 1602.
Total: 4.587600 ms (FindLiveObjects: 0.362400 ms CreateObjectMapping: 0.125900 ms MarkObjects: 3.997100 ms  DeleteObjects: 0.099200 ms)

========================================================================
Received Prepare
Registering precompiled user dll's ...
Registered in 0.001750 seconds.
Begin MonoManager ReloadAssembly
Native extension for WindowsStandalone target not found
Refreshing native plugins compatible for Editor in 0.35 ms, found 0 plugins.
Preloading 0 native plugins for Editor in 0.00 ms.
Invoked RoslynAnalysisRunner static constructor.
RoslynAnalysisRunner will not be running.
RoslynAnalysisRunner has terminated.
Mono: successfully reloaded assembly
- Completed reload, in  1.392 seconds
Platform modules already initialized, skipping
Refreshing native plugins compatible for Editor in 0.39 ms, found 0 plugins.
Preloading 0 native plugins for Editor in 0.00 ms.
Unloading 1093 Unused Serialized files (Serialized files now loaded: 0)
System memory in use before: 62.5 MB.
System memory in use after: 62.5 MB.

Unloading 5 unused Assets to reduce memory usage. Loaded Objects now: 1604.
Total: 2.172100 ms (FindLiveObjects: 0.237200 ms CreateObjectMapping: 0.070900 ms MarkObjects: 1.809200 ms  DeleteObjects: 0.053000 ms)

========================================================================
Received Prepare
Registering precompiled user dll's ...
Registered in 0.000788 seconds.
Begin MonoManager ReloadAssembly
Native extension for WindowsStandalone target not found
Refreshing native plugins compatible for Editor in 0.37 ms, found 0 plugins.
Preloading 0 native plugins for Editor in 0.00 ms.
Invoked RoslynAnalysisRunner static constructor.
RoslynAnalysisRunner will not be running.
RoslynAnalysisRunner has terminated.
Mono: successfully reloaded assembly
- Completed reload, in  0.783 seconds
Platform modules already initialized, skipping
Refreshing native plugins compatible for Editor in 0.27 ms, found 0 plugins.
Preloading 0 native plugins for Editor in 0.00 ms.
Unloading 1093 Unused Serialized files (Serialized files now loaded: 0)
System memory in use before: 62.6 MB.
System memory in use after: 62.7 MB.

Unloading 5 unused Assets to reduce memory usage. Loaded Objects now: 1606.
Total: 1.912300 ms (FindLiveObjects: 0.156300 ms CreateObjectMapping: 0.053100 ms MarkObjects: 1.658700 ms  DeleteObjects: 0.043100 ms)

========================================================================
Received Prepare
Registering precompiled user dll's ...
Registered in 0.000806 seconds.
Begin MonoManager ReloadAssembly
Native extension for WindowsStandalone target not found
Refreshing native plugins compatible for Editor in 0.19 ms, found 0 plugins.
Preloading 0 native plugins for Editor in 0.00 ms.
Invoked RoslynAnalysisRunner static constructor.
RoslynAnalysisRunner will not be running.
RoslynAnalysisRunner has terminated.
Mono: successfully reloaded assembly
- Completed reload, in  0.761 seconds
Platform modules already initialized, skipping
Refreshing native plugins compatible for Editor in 0.21 ms, found 0 plugins.
Preloading 0 native plugins for Editor in 0.00 ms.
Unloading 1093 Unused Serialized files (Serialized files now loaded: 0)
System memory in use before: 62.7 MB.
System memory in use after: 62.8 MB.

Unloading 5 unused Assets to reduce memory usage. Loaded Objects now: 1608.
Total: 1.684200 ms (FindLiveObjects: 0.259900 ms CreateObjectMapping: 0.036900 ms MarkObjects: 1.329500 ms  DeleteObjects: 0.056400 ms)

========================================================================
Received Import Request.
  Time since last request: 740.299005 seconds.
  path: Assets/Prefabs/Ball.prefab
  artifactKey: Guid(fce93a263402e32468074c5311fd9596) Importer(815301076,1909f56bfc062723c751e8b465ee728b)
Start importing Assets/Prefabs/Ball.prefab using Guid(fce93a263402e32468074c5311fd9596) Importer(815301076,1909f56bfc062723c751e8b465ee728b)  -> (artifact id: 'fefe6eb739347355594f544501205693') in 0.065365 seconds
  Import took 0.068089 seconds .

========================================================================
Received Prepare
Registering precompiled user dll's ...
Registered in 0.000774 seconds.
Begin MonoManager ReloadAssembly
Native extension for WindowsStandalone target not found
Refreshing native plugins compatible for Editor in 0.22 ms, found 0 plugins.
Preloading 0 native plugins for Editor in 0.00 ms.
Invoked RoslynAnalysisRunner static constructor.
RoslynAnalysisRunner will not be running.
RoslynAnalysisRunner has terminated.
Mono: successfully reloaded assembly
- Completed reload, in  0.887 seconds
Platform modules already initialized, skipping
Refreshing native plugins compatible for Editor in 0.21 ms, found 0 plugins.
Preloading 0 native plugins for Editor in 0.00 ms.
Unloading 1093 Unused Serialized files (Serialized files now loaded: 0)
System memory in use before: 62.9 MB.
System memory in use after: 63.0 MB.

Unloading 6 unused Assets to reduce memory usage. Loaded Objects now: 1611.
Total: 1.744100 ms (FindLiveObjects: 0.143500 ms CreateObjectMapping: 0.035300 ms MarkObjects: 1.503600 ms  DeleteObjects: 0.060800 ms)

========================================================================
Received Prepare
Registering precompiled user dll's ...
Registered in 0.000988 seconds.
Begin MonoManager ReloadAssembly
Native extension for WindowsStandalone target not found
Refreshing native plugins compatible for Editor in 0.21 ms, found 0 plugins.
Preloading 0 native plugins for Editor in 0.00 ms.
Invoked RoslynAnalysisRunner static constructor.
RoslynAnalysisRunner will not be running.
RoslynAnalysisRunner has terminated.
Mono: successfully reloaded assembly
- Completed reload, in  0.893 seconds
Platform modules already initialized, skipping
Refreshing native plugins compatible for Editor in 0.33 ms, found 0 plugins.
Preloading 0 native plugins for Editor in 0.00 ms.
Unloading 1093 Unused Serialized files (Serialized files now loaded: 0)
System memory in use before: 63.0 MB.
System memory in use after: 63.1 MB.

Unloading 5 unused Assets to reduce memory usage. Loaded Objects now: 1613.
Total: 2.385700 ms (FindLiveObjects: 0.286200 ms CreateObjectMapping: 0.050200 ms MarkObjects: 2.001800 ms  DeleteObjects: 0.045900 ms)

========================================================================
Received Prepare
Registering precompiled user dll's ...
Registered in 0.000796 seconds.
Begin MonoManager ReloadAssembly
Native extension for WindowsStandalone target not found
Refreshing native plugins compatible for Editor in 0.19 ms, found 0 plugins.
Preloading 0 native plugins for Editor in 0.00 ms.
Invoked RoslynAnalysisRunner static constructor.
RoslynAnalysisRunner will not be running.
RoslynAnalysisRunner has terminated.
Mono: successfully reloaded assembly
- Completed reload, in  0.789 seconds
Platform modules already initialized, skipping
Refreshing native plugins compatible for Editor in 0.19 ms, found 0 plugins.
Preloading 0 native plugins for Editor in 0.00 ms.
Unloading 1093 Unused Serialized files (Serialized files now loaded: 0)
System memory in use before: 63.2 MB.
System memory in use after: 63.2 MB.

Unloading 5 unused Assets to reduce memory usage. Loaded Objects now: 1615.
Total: 1.657200 ms (FindLiveObjects: 0.135600 ms CreateObjectMapping: 0.039300 ms MarkObjects: 1.434800 ms  DeleteObjects: 0.046200 ms)

========================================================================
Received Prepare
Registering precompiled user dll's ...
Registered in 0.000758 seconds.
Begin MonoManager ReloadAssembly
Native extension for WindowsStandalone target not found
Refreshing native plugins compatible for Editor in 0.22 ms, found 0 plugins.
Preloading 0 native plugins for Editor in 0.00 ms.
Invoked RoslynAnalysisRunner static constructor.
RoslynAnalysisRunner will not be running.
RoslynAnalysisRunner has terminated.
Mono: successfully reloaded assembly
- Completed reload, in  0.795 seconds
Platform modules already initialized, skipping
Refreshing native plugins compatible for Editor in 0.20 ms, found 0 plugins.
Preloading 0 native plugins for Editor in 0.00 ms.
Unloading 1093 Unused Serialized files (Serialized files now loaded: 0)
System memory in use before: 63.3 MB.
System memory in use after: 63.4 MB.

Unloading 5 unused Assets to reduce memory usage. Loaded Objects now: 1617.
Total: 1.779800 ms (FindLiveObjects: 0.147500 ms CreateObjectMapping: 0.037400 ms MarkObjects: 1.507300 ms  DeleteObjects: 0.086300 ms)

========================================================================
Received Prepare
Registering precompiled user dll's ...
Registered in 0.000763 seconds.
Begin MonoManager ReloadAssembly
Native extension for WindowsStandalone target not found
Refreshing native plugins compatible for Editor in 0.22 ms, found 0 plugins.
Preloading 0 native plugins for Editor in 0.00 ms.
Invoked RoslynAnalysisRunner static constructor.
RoslynAnalysisRunner will not be running.
RoslynAnalysisRunner has terminated.
Mono: successfully reloaded assembly
- Completed reload, in  0.925 seconds
Platform modules already initialized, skipping
Refreshing native plugins compatible for Editor in 0.23 ms, found 0 plugins.
Preloading 0 native plugins for Editor in 0.00 ms.
Unloading 1093 Unused Serialized files (Serialized files now loaded: 0)
System memory in use before: 63.3 MB.
System memory in use after: 63.4 MB.

Unloading 5 unused Assets to reduce memory usage. Loaded Objects now: 1619.
Total: 2.280500 ms (FindLiveObjects: 0.149700 ms CreateObjectMapping: 0.045000 ms MarkObjects: 2.025500 ms  DeleteObjects: 0.058800 ms)

========================================================================
Received Prepare
Registering precompiled user dll's ...
Registered in 0.000849 seconds.
Begin MonoManager ReloadAssembly
Native extension for WindowsStandalone target not found
Refreshing native plugins compatible for Editor in 0.20 ms, found 0 plugins.
Preloading 0 native plugins for Editor in 0.00 ms.
Invoked RoslynAnalysisRunner static constructor.
RoslynAnalysisRunner will not be running.
RoslynAnalysisRunner has terminated.
Mono: successfully reloaded assembly
- Completed reload, in  0.772 seconds
Platform modules already initialized, skipping
Refreshing native plugins compatible for Editor in 0.21 ms, found 0 plugins.
Preloading 0 native plugins for Editor in 0.00 ms.
Unloading 1093 Unused Serialized files (Serialized files now loaded: 0)
System memory in use before: 62.6 MB.
System memory in use after: 62.7 MB.

Unloading 5 unused Assets to reduce memory usage. Loaded Objects now: 1621.
Total: 1.684200 ms (FindLiveObjects: 0.150600 ms CreateObjectMapping: 0.039000 ms MarkObjects: 1.435500 ms  DeleteObjects: 0.058400 ms)

========================================================================
Received Prepare
Registering precompiled user dll's ...
Registered in 0.001066 seconds.
Begin MonoManager ReloadAssembly
Native extension for WindowsStandalone target not found
Refreshing native plugins compatible for Editor in 0.23 ms, found 0 plugins.
Preloading 0 native plugins for Editor in 0.00 ms.
Invoked RoslynAnalysisRunner static constructor.
RoslynAnalysisRunner will not be running.
RoslynAnalysisRunner has terminated.
Mono: successfully reloaded assembly
- Completed reload, in  1.005 seconds
Platform modules already initialized, skipping
Refreshing native plugins compatible for Editor in 0.19 ms, found 0 plugins.
Preloading 0 native plugins for Editor in 0.00 ms.
Unloading 1093 Unused Serialized files (Serialized files now loaded: 0)
System memory in use before: 62.7 MB.
System memory in use after: 62.8 MB.

Unloading 5 unused Assets to reduce memory usage. Loaded Objects now: 1623.
Total: 3.160100 ms (FindLiveObjects: 0.157300 ms CreateObjectMapping: 0.041600 ms MarkObjects: 2.899600 ms  DeleteObjects: 0.060400 ms)

========================================================================
Received Prepare
Registering precompiled user dll's ...
Registered in 0.002680 seconds.
Begin MonoManager ReloadAssembly
Native extension for WindowsStandalone target not found
Refreshing native plugins compatible for Editor in 0.47 ms, found 0 plugins.
Preloading 0 native plugins for Editor in 0.00 ms.
Invoked RoslynAnalysisRunner static constructor.
RoslynAnalysisRunner will not be running.
RoslynAnalysisRunner has terminated.
Mono: successfully reloaded assembly
- Completed reload, in  1.888 seconds
Platform modules already initialized, skipping
Refreshing native plugins compatible for Editor in 0.36 ms, found 0 plugins.
Preloading 0 native plugins for Editor in 0.00 ms.
Unloading 1093 Unused Serialized files (Serialized files now loaded: 0)
System memory in use before: 62.8 MB.
System memory in use after: 62.9 MB.

Unloading 5 unused Assets to reduce memory usage. Loaded Objects now: 1625.
Total: 3.476400 ms (FindLiveObjects: 0.443900 ms CreateObjectMapping: 0.079100 ms MarkObjects: 2.867700 ms  DeleteObjects: 0.081200 ms)

========================================================================
Received Import Request.
  Time since last request: 5483.163666 seconds.
  path: Assets/Prefabs/Level0 1.prefab
  artifactKey: Guid(27eb3a1584d21f34394fba3ea72086c9) Importer(815301076,1909f56bfc062723c751e8b465ee728b)
Start importing Assets/Prefabs/Level0 1.prefab using Guid(27eb3a1584d21f34394fba3ea72086c9) Importer(815301076,1909f56bfc062723c751e8b465ee728b)  -> (artifact id: '69529be4957bd57de5299cf21547753f') in 0.195068 seconds
  Import took 0.203046 seconds .

========================================================================
Received Import Request.
  Time since last request: 166.177285 seconds.
  path: Assets/Prefabs/Level0 1.prefab
  artifactKey: Guid(27eb3a1584d21f34394fba3ea72086c9) Importer(815301076,1909f56bfc062723c751e8b465ee728b)
Start importing Assets/Prefabs/Level0 1.prefab using Guid(27eb3a1584d21f34394fba3ea72086c9) Importer(815301076,1909f56bfc062723c751e8b465ee728b)  -> (artifact id: 'b928d8cec6bce4e4e50834a35a3da692') in 0.029947 seconds
  Import took 0.033712 seconds .

========================================================================
Received Prepare
Registering precompiled user dll's ...
Registered in 0.002119 seconds.
Begin MonoManager ReloadAssembly
Native extension for WindowsStandalone target not found
Refreshing native plugins compatible for Editor in 0.37 ms, found 0 plugins.
Preloading 0 native plugins for Editor in 0.00 ms.
Invoked RoslynAnalysisRunner static constructor.
RoslynAnalysisRunner will not be running.
RoslynAnalysisRunner has terminated.
Mono: successfully reloaded assembly
- Completed reload, in  1.885 seconds
Platform modules already initialized, skipping
Refreshing native plugins compatible for Editor in 0.34 ms, found 0 plugins.
Preloading 0 native plugins for Editor in 0.00 ms.
Unloading 1093 Unused Serialized files (Serialized files now loaded: 0)
System memory in use before: 63.1 MB.
System memory in use after: 63.1 MB.

Unloading 5 unused Assets to reduce memory usage. Loaded Objects now: 1628.
Total: 3.546900 ms (FindLiveObjects: 0.304000 ms CreateObjectMapping: 0.075000 ms MarkObjects: 3.082800 ms  DeleteObjects: 0.081800 ms)

========================================================================
Received Import Request.
  Time since last request: 188.970284 seconds.
  path: Assets/Prefabs/Level0 1.prefab
  artifactKey: Guid(27eb3a1584d21f34394fba3ea72086c9) Importer(815301076,1909f56bfc062723c751e8b465ee728b)
Start importing Assets/Prefabs/Level0 1.prefab using Guid(27eb3a1584d21f34394fba3ea72086c9) Importer(815301076,1909f56bfc062723c751e8b465ee728b)  -> (artifact id: '8bb9ff65cf2696671d6f615236d7b431') in 0.140744 seconds
  Import took 0.146014 seconds .

========================================================================
Received Prepare
Registering precompiled user dll's ...
Registered in 0.000859 seconds.
Begin MonoManager ReloadAssembly
Native extension for WindowsStandalone target not found
Refreshing native plugins compatible for Editor in 0.22 ms, found 0 plugins.
Preloading 0 native plugins for Editor in 0.00 ms.
Invoked RoslynAnalysisRunner static constructor.
RoslynAnalysisRunner will not be running.
RoslynAnalysisRunner has terminated.
Mono: successfully reloaded assembly
- Completed reload, in  0.783 seconds
Platform modules already initialized, skipping
Refreshing native plugins compatible for Editor in 0.19 ms, found 0 plugins.
Preloading 0 native plugins for Editor in 0.00 ms.
Unloading 1093 Unused Serialized files (Serialized files now loaded: 0)
System memory in use before: 63.2 MB.
System memory in use after: 63.3 MB.

Unloading 5 unused Assets to reduce memory usage. Loaded Objects now: 1631.
Total: 1.934500 ms (FindLiveObjects: 0.140000 ms CreateObjectMapping: 0.036100 ms MarkObjects: 1.715200 ms  DeleteObjects: 0.042100 ms)

========================================================================
Received Prepare
Registering precompiled user dll's ...
Registered in 0.000993 seconds.
Begin MonoManager ReloadAssembly
Native extension for WindowsStandalone target not found
Refreshing native plugins compatible for Editor in 0.21 ms, found 0 plugins.
Preloading 0 native plugins for Editor in 0.00 ms.
Invoked RoslynAnalysisRunner static constructor.
RoslynAnalysisRunner will not be running.
RoslynAnalysisRunner has terminated.
Mono: successfully reloaded assembly
- Completed reload, in  0.821 seconds
Platform modules already initialized, skipping
Refreshing native plugins compatible for Editor in 0.21 ms, found 0 plugins.
Preloading 0 native plugins for Editor in 0.00 ms.
Unloading 1093 Unused Serialized files (Serialized files now loaded: 0)
System memory in use before: 63.3 MB.
System memory in use after: 63.4 MB.

Unloading 5 unused Assets to reduce memory usage. Loaded Objects now: 1633.
Total: 2.189300 ms (FindLiveObjects: 0.235400 ms CreateObjectMapping: 0.121000 ms MarkObjects: 1.783400 ms  DeleteObjects: 0.047600 ms)

========================================================================
Received Import Request.
  Time since last request: 850.087095 seconds.
  path: Assets/Prefabs/Level0 1.prefab
  artifactKey: Guid(27eb3a1584d21f34394fba3ea72086c9) Importer(815301076,1909f56bfc062723c751e8b465ee728b)
Start importing Assets/Prefabs/Level0 1.prefab using Guid(27eb3a1584d21f34394fba3ea72086c9) Importer(815301076,1909f56bfc062723c751e8b465ee728b)  -> (artifact id: 'bda949c1906bbfce8eac4c08a991f9f9') in 0.060454 seconds
  Import took 0.064599 seconds .

========================================================================
Received Prepare
Registering precompiled user dll's ...
Registered in 0.002275 seconds.
Begin MonoManager ReloadAssembly
Native extension for WindowsStandalone target not found
Refreshing native plugins compatible for Editor in 0.39 ms, found 0 plugins.
Preloading 0 native plugins for Editor in 0.00 ms.
Invoked RoslynAnalysisRunner static constructor.
RoslynAnalysisRunner will not be running.
RoslynAnalysisRunner has terminated.
Mono: successfully reloaded assembly
- Completed reload, in  1.801 seconds
Platform modules already initialized, skipping
Refreshing native plugins compatible for Editor in 0.34 ms, found 0 plugins.
Preloading 0 native plugins for Editor in 0.00 ms.
Unloading 1093 Unused Serialized files (Serialized files now loaded: 0)
System memory in use before: 63.4 MB.
System memory in use after: 63.5 MB.

Unloading 5 unused Assets to reduce memory usage. Loaded Objects now: 1636.
Total: 3.553000 ms (FindLiveObjects: 0.242000 ms CreateObjectMapping: 0.088800 ms MarkObjects: 3.135800 ms  DeleteObjects: 0.083200 ms)

========================================================================
Received Prepare
Registering precompiled user dll's ...
Registered in 0.001087 seconds.
Begin MonoManager ReloadAssembly
Native extension for WindowsStandalone target not found
Refreshing native plugins compatible for Editor in 0.24 ms, found 0 plugins.
Preloading 0 native plugins for Editor in 0.00 ms.
Invoked RoslynAnalysisRunner static constructor.
RoslynAnalysisRunner will not be running.
RoslynAnalysisRunner has terminated.
Mono: successfully reloaded assembly
- Completed reload, in  0.888 seconds
Platform modules already initialized, skipping
Refreshing native plugins compatible for Editor in 0.20 ms, found 0 plugins.
Preloading 0 native plugins for Editor in 0.00 ms.
Unloading 1093 Unused Serialized files (Serialized files now loaded: 0)
System memory in use before: 62.6 MB.
System memory in use after: 62.7 MB.

Unloading 5 unused Assets to reduce memory usage. Loaded Objects now: 1638.
Total: 6.357800 ms (FindLiveObjects: 0.428300 ms CreateObjectMapping: 0.131200 ms MarkObjects: 5.691100 ms  DeleteObjects: 0.103000 ms)

========================================================================
Received Import Request.
  Time since last request: 533.310278 seconds.
  path: Assets/Prefabs/Level0 1.prefab
  artifactKey: Guid(27eb3a1584d21f34394fba3ea72086c9) Importer(815301076,1909f56bfc062723c751e8b465ee728b)
Start importing Assets/Prefabs/Level0 1.prefab using Guid(27eb3a1584d21f34394fba3ea72086c9) Importer(815301076,1909f56bfc062723c751e8b465ee728b)  -> (artifact id: '13a3eb8367c3313c01e110411c670a0a') in 0.081792 seconds
  Import took 0.085092 seconds .

========================================================================
Received Prepare
Registering precompiled user dll's ...
Registered in 0.002283 seconds.
Begin MonoManager ReloadAssembly
Native extension for WindowsStandalone target not found
Refreshing native plugins compatible for Editor in 0.36 ms, found 0 plugins.
Preloading 0 native plugins for Editor in 0.00 ms.
Invoked RoslynAnalysisRunner static constructor.
RoslynAnalysisRunner will not be running.
RoslynAnalysisRunner has terminated.
Mono: successfully reloaded assembly
- Completed reload, in  1.817 seconds
Platform modules already initialized, skipping
Refreshing native plugins compatible for Editor in 0.40 ms, found 0 plugins.
Preloading 0 native plugins for Editor in 0.00 ms.
Unloading 1093 Unused Serialized files (Serialized files now loaded: 0)
System memory in use before: 62.8 MB.
System memory in use after: 62.8 MB.

Unloading 5 unused Assets to reduce memory usage. Loaded Objects now: 1641.
Total: 3.254300 ms (FindLiveObjects: 0.295500 ms CreateObjectMapping: 0.102800 ms MarkObjects: 2.774300 ms  DeleteObjects: 0.078800 ms)

========================================================================
Received Import Request.
  Time since last request: 129.896577 seconds.
  path: Assets/Prefabs/Bouncy.physicMaterial
  artifactKey: Guid(c293ab2200f53d24f91724cc7b298c60) Importer(815301076,1909f56bfc062723c751e8b465ee728b)
Start importing Assets/Prefabs/Bouncy.physicMaterial using Guid(c293ab2200f53d24f91724cc7b298c60) Importer(815301076,1909f56bfc062723c751e8b465ee728b)  -> (artifact id: '36f626c135991e6c1e468d2475d8069c') in 0.033303 seconds
  Import took 0.037459 seconds .

========================================================================
Received Import Request.
  Time since last request: 6.816867 seconds.
  path: Assets/Prefabs/Ball.prefab
  artifactKey: Guid(fce93a263402e32468074c5311fd9596) Importer(815301076,1909f56bfc062723c751e8b465ee728b)
Start importing Assets/Prefabs/Ball.prefab using Guid(fce93a263402e32468074c5311fd9596) Importer(815301076,1909f56bfc062723c751e8b465ee728b)  -> (artifact id: 'bd1617de2febe9a0e0a8e4091d0bcb4d') in 0.114944 seconds
  Import took 0.119536 seconds .

========================================================================
Received Import Request.
  Time since last request: 19.251793 seconds.
  path: Assets/Prefabs/Ball.prefab
  artifactKey: Guid(fce93a263402e32468074c5311fd9596) Importer(815301076,1909f56bfc062723c751e8b465ee728b)
Start importing Assets/Prefabs/Ball.prefab using Guid(fce93a263402e32468074c5311fd9596) Importer(815301076,1909f56bfc062723c751e8b465ee728b)  -> (artifact id: '17ace87e104d659263707cb295eebe04') in 0.011345 seconds
  Import took 0.014289 seconds .

========================================================================
Received Prepare
Registering precompiled user dll's ...
Registered in 0.000890 seconds.
Begin MonoManager ReloadAssembly
Native extension for WindowsStandalone target not found
Refreshing native plugins compatible for Editor in 0.20 ms, found 0 plugins.
Preloading 0 native plugins for Editor in 0.00 ms.
Invoked RoslynAnalysisRunner static constructor.
RoslynAnalysisRunner will not be running.
RoslynAnalysisRunner has terminated.
Mono: successfully reloaded assembly
- Completed reload, in  0.814 seconds
Platform modules already initialized, skipping
Refreshing native plugins compatible for Editor in 0.19 ms, found 0 plugins.
Preloading 0 native plugins for Editor in 0.00 ms.
Unloading 1093 Unused Serialized files (Serialized files now loaded: 0)
System memory in use before: 62.9 MB.
System memory in use after: 63.0 MB.

Unloading 6 unused Assets to reduce memory usage. Loaded Objects now: 1644.
Total: 1.789500 ms (FindLiveObjects: 0.237800 ms CreateObjectMapping: 0.035200 ms MarkObjects: 1.414200 ms  DeleteObjects: 0.101300 ms)

========================================================================
Received Prepare
Registering precompiled user dll's ...
Registered in 0.001677 seconds.
Begin MonoManager ReloadAssembly
Native extension for WindowsStandalone target not found
Refreshing native plugins compatible for Editor in 0.39 ms, found 0 plugins.
Preloading 0 native plugins for Editor in 0.00 ms.
Invoked RoslynAnalysisRunner static constructor.
RoslynAnalysisRunner will not be running.
RoslynAnalysisRunner has terminated.
Mono: successfully reloaded assembly
- Completed reload, in  2.243 seconds
Platform modules already initialized, skipping
Refreshing native plugins compatible for Editor in 0.59 ms, found 0 plugins.
Preloading 0 native plugins for Editor in 0.00 ms.
Unloading 1093 Unused Serialized files (Serialized files now loaded: 0)
System memory in use before: 63.0 MB.
System memory in use after: 63.1 MB.

Unloading 5 unused Assets to reduce memory usage. Loaded Objects now: 1646.
Total: 3.147400 ms (FindLiveObjects: 0.227000 ms CreateObjectMapping: 0.067700 ms MarkObjects: 2.777000 ms  DeleteObjects: 0.073500 ms)

AssetImportWorkerClient::OnTransportError - code=2 error=End of file
