Using pre-set license
Built from '2020.2/release' branch; Version is '2020.2.0f1 (3721df5a8b28) revision 3613151'; Using compiler version '192528614'; Build Type 'Release'
OS: 'Windows 10  (10.0.0) 64bit' Language: 'en' Physical Memory: 8039 MB
BatchMode: 1, IsHumanControllingUs: 0, StartBugReporterOnCrash: 0, Is64bit: 1, IsPro: 0

 COMMAND LINE ARGUMENTS:
C:\Program Files\Unity\Hub\Editor\2020.2.0f1\Editor\Unity.exe
-adb2
-batchMode
-noUpm
-name
AssetImportWorker0
-projectPath
C:/Users/User/Desktop/Game01
-logFile
Logs/AssetImportWorker0.log
-srvPort
60847
Successfully changed project path to: C:/Users/User/Desktop/Game01
C:/Users/User/Desktop/Game01
Using Asset Import Pipeline V2.
Refreshing native plugins compatible for Editor in 25.92 ms, found 0 plugins.
Preloading 0 native plugins for Editor in 0.00 ms.
Initialize engine version: 2020.2.0f1 (3721df5a8b28)
[Subsystems] Discovering subsystems at path C:/Program Files/Unity/Hub/Editor/2020.2.0f1/Editor/Data/Resources/UnitySubsystems
[Subsystems] Discovering subsystems at path C:/Users/User/Desktop/Game01/Assets
GfxDevice: creating device client; threaded=0
Direct3D:
    Version:  Direct3D 11.0 [level 11.1]
    Renderer: NVIDIA GeForce MX250 (ID=0x1d13)
    Vendor:   
    VRAM:     1983 MB
    Driver:   26.21.14.4137
Initialize mono
Mono path[0] = 'C:/Program Files/Unity/Hub/Editor/2020.2.0f1/Editor/Data/Managed'
Mono path[1] = 'C:/Program Files/Unity/Hub/Editor/2020.2.0f1/Editor/Data/MonoBleedingEdge/lib/mono/unityjit'
Mono config path = 'C:/Program Files/Unity/Hub/Editor/2020.2.0f1/Editor/Data/MonoBleedingEdge/etc'
Using monoOptions --debugger-agent=transport=dt_socket,embedding=1,server=y,suspend=n,address=127.0.0.1:56648
Begin MonoManager ReloadAssembly
Registering precompiled unity dll's ...
Register platform support module: C:/Program Files/Unity/Hub/Editor/2020.2.0f1/Editor/Data/PlaybackEngines/WindowsStandaloneSupport/UnityEditor.WindowsStandalone.Extensions.dll
Registered in 0.002118 seconds.
Native extension for WindowsStandalone target not found
Refreshing native plugins compatible for Editor in 24.52 ms, found 0 plugins.
Preloading 0 native plugins for Editor in 0.00 ms.
Invoked RoslynAnalysisRunner static constructor.
RoslynAnalysisRunner will not be running.
RoslynAnalysisRunner has terminated.
Mono: successfully reloaded assembly
- Completed reload, in  2.232 seconds
Platform modules already initialized, skipping
Registering precompiled user dll's ...
Registered in 0.000951 seconds.
Begin MonoManager ReloadAssembly
Native extension for WindowsStandalone target not found
Refreshing native plugins compatible for Editor in 0.36 ms, found 0 plugins.
Preloading 0 native plugins for Editor in 0.00 ms.
Invoked RoslynAnalysisRunner static constructor.
RoslynAnalysisRunner will not be running.
RoslynAnalysisRunner has terminated.
Mono: successfully reloaded assembly
- Completed reload, in  1.474 seconds
Platform modules already initialized, skipping
========================================================================
Worker process is ready to serve import requests
Launched and connected shader compiler UnityShaderCompiler.exe after 0.13 seconds
Refreshing native plugins compatible for Editor in 0.35 ms, found 0 plugins.
Preloading 0 native plugins for Editor in 0.00 ms.
Unloading 1098 Unused Serialized files (Serialized files now loaded: 0)
System memory in use before: 56.6 MB.
System memory in use after: 56.7 MB.

Unloading 10 unused Assets to reduce memory usage. Loaded Objects now: 1540.
Total: 3.574400 ms (FindLiveObjects: 0.325300 ms CreateObjectMapping: 0.139200 ms MarkObjects: 2.988100 ms  DeleteObjects: 0.119100 ms)

========================================================================
Received Import Request.
  path: Assets/Prefabs/Bouncy.physicMaterial
  artifactKey: Guid(c293ab2200f53d24f91724cc7b298c60) Importer(815301076,1909f56bfc062723c751e8b465ee728b)
Start importing Assets/Prefabs/Bouncy.physicMaterial using Guid(c293ab2200f53d24f91724cc7b298c60) Importer(815301076,1909f56bfc062723c751e8b465ee728b)  -> (artifact id: 'b7ec903f5537372b2d2f6b095610d2f9') in 0.098121 seconds
  Import took 0.102062 seconds .

========================================================================
Received Import Request.
  Time since last request: 0.000597 seconds.
  path: Assets/Prefabs/Ball.prefab
  artifactKey: Guid(fce93a263402e32468074c5311fd9596) Importer(815301076,1909f56bfc062723c751e8b465ee728b)
Start importing Assets/Prefabs/Ball.prefab using Guid(fce93a263402e32468074c5311fd9596) Importer(815301076,1909f56bfc062723c751e8b465ee728b)  -> (artifact id: 'df2ed8ad9a68c6e513e0beabb05e526f') in 0.160247 seconds
  Import took 0.163978 seconds .

========================================================================
Received Import Request.
  Time since last request: 3.207218 seconds.
  path: Assets/Prefabs/Bouncy.physicMaterial
  artifactKey: Guid(c293ab2200f53d24f91724cc7b298c60) Importer(815301076,1909f56bfc062723c751e8b465ee728b)
Start importing Assets/Prefabs/Bouncy.physicMaterial using Guid(c293ab2200f53d24f91724cc7b298c60) Importer(815301076,1909f56bfc062723c751e8b465ee728b)  -> (artifact id: 'b7ec903f5537372b2d2f6b095610d2f9') in 0.006797 seconds
  Import took 0.011959 seconds .

========================================================================
Received Prepare
Registering precompiled user dll's ...
Registered in 0.001004 seconds.
Begin MonoManager ReloadAssembly
Native extension for WindowsStandalone target not found
Refreshing native plugins compatible for Editor in 0.22 ms, found 0 plugins.
Preloading 0 native plugins for Editor in 0.00 ms.
Invoked RoslynAnalysisRunner static constructor.
RoslynAnalysisRunner will not be running.
RoslynAnalysisRunner has terminated.
Mono: successfully reloaded assembly
- Completed reload, in  0.828 seconds
Platform modules already initialized, skipping
Refreshing native plugins compatible for Editor in 0.23 ms, found 0 plugins.
Preloading 0 native plugins for Editor in 0.00 ms.
Unloading 1093 Unused Serialized files (Serialized files now loaded: 0)
System memory in use before: 59.9 MB.
System memory in use after: 60.0 MB.

Unloading 6 unused Assets to reduce memory usage. Loaded Objects now: 1550.
Total: 2.014600 ms (FindLiveObjects: 0.160200 ms CreateObjectMapping: 0.034800 ms MarkObjects: 1.771400 ms  DeleteObjects: 0.046700 ms)

========================================================================
Received Import Request.
  Time since last request: 167.890015 seconds.
  path: Assets/Prefabs/Ball.prefab
  artifactKey: Guid(fce93a263402e32468074c5311fd9596) Importer(815301076,1909f56bfc062723c751e8b465ee728b)
Start importing Assets/Prefabs/Ball.prefab using Guid(fce93a263402e32468074c5311fd9596) Importer(815301076,1909f56bfc062723c751e8b465ee728b)  -> (artifact id: '5c69c47cdcbb2c02020d3f85e1500c07') in 0.063474 seconds
  Import took 0.066879 seconds .

========================================================================
Received Import Request.
  Time since last request: 0.391190 seconds.
  path: Assets/Prefabs/Ball.prefab
  artifactKey: Guid(fce93a263402e32468074c5311fd9596) Importer(815301076,1909f56bfc062723c751e8b465ee728b)
Start importing Assets/Prefabs/Ball.prefab using Guid(fce93a263402e32468074c5311fd9596) Importer(815301076,1909f56bfc062723c751e8b465ee728b)  -> (artifact id: '5c69c47cdcbb2c02020d3f85e1500c07') in 0.013049 seconds
  Import took 0.016042 seconds .

========================================================================
Received Import Request.
  Time since last request: 5.472426 seconds.
  path: Assets/Prefabs/Ball.prefab
  artifactKey: Guid(fce93a263402e32468074c5311fd9596) Importer(815301076,1909f56bfc062723c751e8b465ee728b)
Start importing Assets/Prefabs/Ball.prefab using Guid(fce93a263402e32468074c5311fd9596) Importer(815301076,1909f56bfc062723c751e8b465ee728b)  -> (artifact id: 'ee46f4335f9f71bac3b880d7fec9a855') in 0.010738 seconds
  Import took 0.013713 seconds .

========================================================================
Received Import Request.
  Time since last request: 12.811565 seconds.
  path: Assets/Prefabs/Ball.prefab
  artifactKey: Guid(fce93a263402e32468074c5311fd9596) Importer(815301076,1909f56bfc062723c751e8b465ee728b)
Start importing Assets/Prefabs/Ball.prefab using Guid(fce93a263402e32468074c5311fd9596) Importer(815301076,1909f56bfc062723c751e8b465ee728b)  -> (artifact id: '119cce066f0c0c64a272dba62d78fb9c') in 0.009638 seconds
  Import took 0.011833 seconds .

========================================================================
Received Prepare
Registering precompiled user dll's ...
Registered in 0.000782 seconds.
Begin MonoManager ReloadAssembly
Native extension for WindowsStandalone target not found
Refreshing native plugins compatible for Editor in 0.20 ms, found 0 plugins.
Preloading 0 native plugins for Editor in 0.00 ms.
Invoked RoslynAnalysisRunner static constructor.
RoslynAnalysisRunner will not be running.
RoslynAnalysisRunner has terminated.
Mono: successfully reloaded assembly
- Completed reload, in  0.874 seconds
Platform modules already initialized, skipping
Refreshing native plugins compatible for Editor in 0.23 ms, found 0 plugins.
Preloading 0 native plugins for Editor in 0.00 ms.
Unloading 1093 Unused Serialized files (Serialized files now loaded: 0)
System memory in use before: 60.1 MB.
System memory in use after: 60.1 MB.

Unloading 6 unused Assets to reduce memory usage. Loaded Objects now: 1553.
Total: 1.748000 ms (FindLiveObjects: 0.131800 ms CreateObjectMapping: 0.034900 ms MarkObjects: 1.530200 ms  DeleteObjects: 0.049900 ms)

========================================================================
Received Import Request.
  Time since last request: 41.100309 seconds.
  path: Assets/Prefabs/Ball.prefab
  artifactKey: Guid(fce93a263402e32468074c5311fd9596) Importer(815301076,1909f56bfc062723c751e8b465ee728b)
Start importing Assets/Prefabs/Ball.prefab using Guid(fce93a263402e32468074c5311fd9596) Importer(815301076,1909f56bfc062723c751e8b465ee728b)  -> (artifact id: '9aeffbd3cb1d37057a5ac5d1a178f693') in 0.064721 seconds
  Import took 0.068289 seconds .

========================================================================
Received Import Request.
  Time since last request: 0.039984 seconds.
  path: Assets/Prefabs/Ball.prefab
  artifactKey: Guid(fce93a263402e32468074c5311fd9596) Importer(815301076,1909f56bfc062723c751e8b465ee728b)
Start importing Assets/Prefabs/Ball.prefab using Guid(fce93a263402e32468074c5311fd9596) Importer(815301076,1909f56bfc062723c751e8b465ee728b)  -> (artifact id: '9aeffbd3cb1d37057a5ac5d1a178f693') in 0.008806 seconds
  Import took 0.011103 seconds .

AssetImportWorkerClient::OnTransportError - code=2 error=End of file
